<?xml version="1.0" encoding="UTF-8"?>
<testng-results skipped="0" failed="0" ignored="0" total="1" passed="1">
  <reporter-output>
  </reporter-output>
  <suite name="Default suite" duration-ms="272" started-at="2018-08-22T06:38:11Z" finished-at="2018-08-22T06:38:11Z">
    <groups>
    </groups>
    <test name="Default test" duration-ms="272" started-at="2018-08-22T06:38:11Z" finished-at="2018-08-22T06:38:11Z">
      <class name="com.qa.tests.LoginTest">
        <test-method status="PASS" signature="test1()[pri:0, instance:com.qa.tests.LoginTest@4501b7af]" name="test1" duration-ms="69" started-at="2018-08-22T12:08:11Z" finished-at="2018-08-22T12:08:11Z">
          <reporter-output>
          </reporter-output>
        </test-method> <!-- test1 -->
      </class> <!-- com.qa.tests.LoginTest -->
    </test> <!-- Default test -->
  </suite> <!-- Default suite -->
</testng-results>
